2025-05-01 18:46:03 INFO  - Starting Before suite
2025-05-01 18:46:03 INFO  - Before Method Executed
2025-05-01 18:46:03 INFO  - Starting Before Method
2025-05-01 18:46:08 INFO  - Before Method Executed
2025-05-01 18:46:08 INFO  - Starting After Method
2025-05-01 18:46:08 INFO  - After Method Executed
2025-05-01 18:46:09 INFO  - After Class Executed
2025-05-01 18:46:09 INFO  - Starting Before Method
2025-05-01 18:46:13 INFO  - Before Method Executed
2025-05-01 18:46:13 INFO  - Starting After Method
2025-05-01 18:46:13 INFO  - After Method Executed
2025-05-01 18:46:13 INFO  - After Class Executed
2025-05-01 18:47:16 INFO  - Starting Before suite
2025-05-01 18:47:16 INFO  - Before Method Executed
2025-05-01 18:47:16 INFO  - Starting Before Method
2025-05-01 18:47:21 INFO  - Before Method Executed
2025-05-01 18:47:22 INFO  - Starting After Method
2025-05-01 18:47:22 INFO  - After Method Executed
2025-05-01 18:47:22 INFO  - After Class Executed
2025-05-01 18:47:22 INFO  - Starting Before Method
2025-05-01 18:47:27 INFO  - Before Method Executed
2025-05-01 18:47:31 INFO  - Starting After Method
2025-05-01 18:47:31 INFO  - After Method Executed
2025-05-01 18:47:31 INFO  - After Class Executed
2025-05-01 18:48:19 INFO  - Starting Before suite
2025-05-01 18:48:19 INFO  - Before Method Executed
2025-05-01 18:48:19 INFO  - Starting Before Method
2025-05-01 18:48:23 INFO  - Before Method Executed
2025-05-01 18:48:23 INFO  - Starting After Method
2025-05-01 18:48:23 INFO  - After Method Executed
2025-05-01 18:48:23 INFO  - After Class Executed
2025-05-01 18:48:23 INFO  - Starting Before Method
2025-05-01 18:48:27 INFO  - Before Method Executed
2025-05-01 18:48:31 INFO  - Starting After Method
2025-05-01 18:48:31 INFO  - Capturing the screenshot :: takeScreenshot
2025-05-01 18:48:31 INFO  - After Method Executed
2025-05-01 18:48:31 INFO  - After Class Executed
2025-05-01 18:49:16 INFO  - Starting Before suite
2025-05-01 18:49:16 INFO  - Before Method Executed
2025-05-01 18:49:16 INFO  - Starting Before Method
2025-05-01 18:49:33 INFO  - Before Method Executed
2025-05-01 18:49:33 INFO  - Starting After Method
2025-05-01 18:49:33 INFO  - After Method Executed
2025-05-01 18:49:34 INFO  - After Class Executed
2025-05-01 18:49:34 INFO  - Starting Before Method
2025-05-01 18:49:44 INFO  - Before Method Executed
2025-05-01 18:49:48 INFO  - Starting After Method
2025-05-01 18:49:48 INFO  - Capturing the screenshot :: takeScreenshot
2025-05-01 18:49:48 INFO  - After Method Executed
2025-05-01 18:49:49 INFO  - After Class Executed
2025-05-01 18:50:39 INFO  - Starting Before suite
2025-05-01 18:50:39 INFO  - Before Method Executed
2025-05-01 18:50:39 INFO  - Starting Before Method
2025-05-01 18:50:45 INFO  - Before Method Executed
2025-05-01 18:50:45 INFO  - Starting After Method
2025-05-01 18:50:45 INFO  - Capturing the screenshot :: takeScreenshot
2025-05-01 18:50:45 INFO  - After Method Executed
2025-05-01 18:50:45 INFO  - After Class Executed
2025-05-01 18:50:45 INFO  - Starting Before Method
2025-05-01 18:50:50 INFO  - Before Method Executed
2025-05-01 18:50:53 INFO  - Starting After Method
2025-05-01 18:50:53 INFO  - Capturing the screenshot :: takeScreenshot
2025-05-01 18:50:53 INFO  - After Method Executed
2025-05-01 18:50:54 INFO  - After Class Executed
2025-05-01 18:52:38 INFO  - Starting Before suite
2025-05-01 18:52:38 INFO  - Before Method Executed
2025-05-01 18:52:38 INFO  - Starting Before Method
2025-05-01 18:52:46 INFO  - Before Method Executed
2025-05-01 18:52:47 INFO  - Starting After Method
2025-05-01 18:52:47 INFO  - Capturing the screenshot :: takeScreenshot
2025-05-01 18:52:47 INFO  - After Method Executed
2025-05-01 18:52:47 INFO  - After Class Executed
2025-05-01 18:52:47 INFO  - Starting Before Method
2025-05-01 18:52:53 INFO  - Before Method Executed
2025-05-01 18:52:57 INFO  - Starting After Method
2025-05-01 18:52:57 INFO  - Capturing the screenshot :: takeScreenshot
2025-05-01 18:52:57 INFO  - After Method Executed
2025-05-01 18:52:58 INFO  - After Class Executed
2025-05-01 19:14:09 INFO  - Starting Before suite
2025-05-01 19:14:09 INFO  - Before Method Executed
2025-05-01 19:14:09 INFO  - Starting Before Method
2025-05-01 19:14:14 INFO  - Before Method Executed
2025-05-01 19:14:14 INFO  - Starting After Method
2025-05-01 19:14:14 INFO  - After Method Executed
2025-05-01 19:14:14 INFO  - After Class Executed
2025-05-01 19:14:14 INFO  - Starting Before Method
2025-05-01 19:14:20 INFO  - Before Method Executed
2025-05-01 19:14:20 INFO  - Starting After Method
2025-05-01 19:14:20 INFO  - Capturing the screenshot :: takeScreenshot
2025-05-01 19:14:20 INFO  - After Method Executed
2025-05-01 19:14:20 INFO  - After Class Executed
2025-05-01 19:15:09 INFO  - Starting Before suite
2025-05-01 19:15:09 INFO  - Before Method Executed
2025-05-01 19:15:09 INFO  - Starting Before Method
2025-05-01 19:15:12 INFO  - Before Method Executed
2025-05-01 19:15:12 INFO  - Starting After Method
2025-05-01 19:15:13 INFO  - Capturing the screenshot :: takeScreenshot
2025-05-01 19:15:13 INFO  - After Method Executed
2025-05-01 19:15:13 INFO  - After Class Executed
2025-05-01 19:16:44 INFO  - Starting Before suite
2025-05-01 19:16:44 INFO  - Before Method Executed
2025-05-01 19:16:44 INFO  - Starting Before Method
2025-05-01 19:16:48 INFO  - Before Method Executed
2025-05-01 19:16:48 INFO  - Starting After Method
2025-05-01 19:16:48 INFO  - Capturing the screenshot :: takeScreenshot
2025-05-01 19:16:48 INFO  - After Method Executed
2025-05-01 19:16:49 INFO  - After Class Executed
2025-05-01 19:17:43 INFO  - Starting Before suite
2025-05-01 19:17:43 INFO  - Before Method Executed
2025-05-01 19:17:43 INFO  - Starting Before Method
2025-05-01 19:17:47 INFO  - Before Method Executed
2025-05-01 19:17:51 INFO  - Starting After Method
2025-05-01 19:17:51 INFO  - After Method Executed
2025-05-01 19:17:52 INFO  - After Class Executed
2025-05-01 19:19:20 INFO  - Starting Before suite
2025-05-01 19:19:20 INFO  - Before Method Executed
2025-05-01 19:19:20 INFO  - Starting Before Method
2025-05-01 19:19:27 INFO  - Before Method Executed
2025-05-01 19:19:35 INFO  - Starting After Method
2025-05-01 19:19:35 INFO  - After Method Executed
2025-05-01 19:19:35 INFO  - After Class Executed
2025-05-01 19:20:24 INFO  - Starting Before suite
2025-05-01 19:20:24 INFO  - Before Method Executed
2025-05-01 19:20:24 INFO  - Starting Before Method
2025-05-01 19:20:30 INFO  - Before Method Executed
2025-05-01 19:20:58 INFO  - Starting After Method
2025-05-01 19:20:58 INFO  - Capturing the screenshot :: takeScreenshot
2025-05-01 19:20:58 INFO  - After Method Executed
2025-05-01 19:20:59 INFO  - After Class Executed
2025-05-01 19:21:39 INFO  - Starting Before suite
2025-05-01 19:21:39 INFO  - Before Method Executed
2025-05-01 19:21:39 INFO  - Starting Before Method
2025-05-01 19:21:43 INFO  - Before Method Executed
2025-05-01 19:22:12 INFO  - Starting After Method
2025-05-01 19:22:12 INFO  - Capturing the screenshot :: takeScreenshot
2025-05-01 19:22:12 INFO  - After Method Executed
2025-05-01 19:22:12 INFO  - After Class Executed
2025-05-01 19:24:23 INFO  - Starting Before suite
2025-05-01 19:24:23 INFO  - Before Method Executed
2025-05-01 19:24:23 INFO  - Starting Before Method
2025-05-01 19:24:28 INFO  - Before Method Executed
2025-05-01 19:24:52 INFO  - Starting After Method
2025-05-01 19:24:52 INFO  - Capturing the screenshot :: takeScreenshot
2025-05-01 19:24:52 INFO  - After Method Executed
2025-05-01 19:24:53 INFO  - After Class Executed
2025-05-01 19:26:48 INFO  - Starting Before suite
2025-05-01 19:26:48 INFO  - Before Method Executed
2025-05-01 19:26:48 INFO  - Starting Before Method
2025-05-01 19:26:52 INFO  - Before Method Executed
2025-05-01 20:37:46 INFO  - Starting After Method
2025-05-02 11:15:40 INFO  - Starting Before suite
2025-05-02 11:15:40 INFO  - Before Method Executed
2025-05-02 11:15:41 INFO  - Starting Before Method
2025-05-02 11:15:44 INFO  - Before Method Executed
2025-05-02 11:15:51 INFO  - Starting After Method
2025-05-02 11:15:51 INFO  - Capturing the screenshot :: takeScreenshot
2025-05-02 11:15:51 INFO  - After Method Executed
2025-05-02 11:15:51 INFO  - After Class Executed
2025-05-02 11:25:29 INFO  - Starting Before suite
2025-05-02 11:25:29 INFO  - Before Method Executed
2025-05-02 11:25:29 INFO  - Starting Before Method
2025-05-02 11:25:32 INFO  - Before Method Executed
2025-05-02 11:25:39 INFO  - Starting After Method
2025-05-02 11:25:39 INFO  - Capturing the screenshot :: takeScreenshot
2025-05-02 11:25:39 INFO  - After Method Executed
2025-05-02 11:25:40 INFO  - After Class Executed
2025-05-02 14:50:27 INFO  - Starting Before suite
2025-05-02 14:50:27 INFO  - Before Method Executed
2025-05-02 14:50:27 INFO  - Starting Before Method
2025-05-02 14:50:31 INFO  - Before Method Executed
2025-05-02 14:50:38 INFO  - Starting After Method
2025-05-02 14:50:38 INFO  - Capturing the screenshot :: takeScreenshot
2025-05-02 14:50:38 INFO  - After Method Executed
2025-05-02 14:50:38 INFO  - After Class Executed
2025-05-02 14:51:30 INFO  - Starting Before suite
2025-05-02 14:51:30 INFO  - Before Method Executed
2025-05-02 14:51:30 INFO  - Starting Before Method
2025-05-02 14:51:33 INFO  - Before Method Executed
2025-05-02 14:51:36 INFO  - Starting After Method
2025-05-02 14:51:36 INFO  - After Method Executed
2025-05-02 14:51:36 INFO  - After Class Executed
2025-05-02 14:55:34 INFO  - Starting Before suite
2025-05-02 14:55:34 INFO  - Before Method Executed
2025-05-02 14:55:34 INFO  - Starting Before Method
2025-05-02 14:55:38 INFO  - Before Method Executed
2025-05-02 14:55:41 INFO  - Starting After Method
2025-05-02 14:55:41 INFO  - After Method Executed
2025-05-02 14:55:42 INFO  - After Class Executed
2025-05-02 14:55:49 INFO  - Starting Before suite
2025-05-02 14:55:49 INFO  - Before Method Executed
2025-05-02 14:55:49 INFO  - Starting Before Method
2025-05-02 14:55:52 INFO  - Before Method Executed
2025-05-02 14:55:55 INFO  - Starting After Method
2025-05-02 14:55:55 INFO  - After Method Executed
2025-05-02 14:55:55 INFO  - After Class Executed
2025-05-02 14:57:27 INFO  - Starting Before suite
2025-05-02 14:57:27 INFO  - Before Method Executed
2025-05-02 14:57:27 INFO  - Starting Before Method
2025-05-02 14:57:30 INFO  - Before Method Executed
2025-05-02 14:57:33 INFO  - Starting After Method
2025-05-02 14:57:33 INFO  - After Method Executed
2025-05-02 14:57:34 INFO  - After Class Executed
2025-05-02 14:58:04 INFO  - Starting Before suite
2025-05-02 14:58:04 INFO  - Before Method Executed
2025-05-02 14:58:04 INFO  - Starting Before Method
2025-05-02 14:58:07 INFO  - Before Method Executed
2025-05-02 14:58:10 INFO  - Starting After Method
2025-05-02 14:58:10 INFO  - After Method Executed
2025-05-02 14:58:11 INFO  - After Class Executed
2025-05-02 18:49:56 INFO  - Starting Before suite
2025-05-02 18:49:56 INFO  - Before Method Executed
2025-05-02 18:49:56 INFO  - Starting Before Method
2025-05-02 18:50:00 INFO  - Before Method Executed
2025-05-02 18:50:04 INFO  - Starting After Method
2025-05-02 18:50:04 INFO  - After Method Executed
2025-05-02 18:50:04 INFO  - After Class Executed
2025-05-02 18:51:03 INFO  - Starting Before suite
2025-05-02 18:51:03 INFO  - Before Method Executed
2025-05-02 18:51:03 INFO  - Starting Before Method
2025-05-02 18:51:06 INFO  - Before Method Executed
2025-05-02 18:51:22 INFO  - Starting After Method
2025-05-02 18:51:51 INFO  - Starting Before suite
2025-05-02 18:51:51 INFO  - Before Method Executed
2025-05-02 18:51:51 INFO  - Starting Before Method
2025-05-02 18:51:54 INFO  - Before Method Executed
2025-05-02 18:51:58 INFO  - Starting After Method
2025-05-02 18:51:58 INFO  - After Method Executed
2025-05-02 18:51:58 INFO  - After Class Executed
2025-05-02 18:53:02 INFO  - Starting Before suite
2025-05-02 18:53:03 INFO  - Before Method Executed
2025-05-02 18:53:03 INFO  - Starting Before Method
2025-05-02 18:53:06 INFO  - Before Method Executed
2025-05-02 18:53:09 INFO  - Starting After Method
2025-05-02 18:53:10 INFO  - Capturing the screenshot :: takeScreenshot
2025-05-02 18:53:10 INFO  - After Method Executed
2025-05-02 18:53:10 INFO  - After Class Executed
2025-05-02 18:54:56 INFO  - Starting Before suite
2025-05-02 18:54:56 INFO  - Before Method Executed
2025-05-02 18:54:56 INFO  - Starting Before Method
2025-05-02 18:55:00 INFO  - Before Method Executed
2025-05-02 18:55:04 INFO  - Starting After Method
2025-05-02 18:55:04 INFO  - After Method Executed
2025-05-02 18:55:04 INFO  - After Class Executed
2025-05-09 11:38:27 INFO  - Starting Before suite
2025-05-09 11:38:27 INFO  - Before Method Executed
2025-05-09 11:38:27 INFO  - Starting Before Method
2025-05-09 11:38:32 INFO  - Before Method Executed
2025-05-09 11:38:36 INFO  - Starting After Method
2025-05-09 11:38:36 INFO  - After Method Executed
2025-05-09 11:38:36 INFO  - After Class Executed
2025-05-09 11:40:35 INFO  - Starting Before suite
2025-05-09 11:40:35 INFO  - Before Method Executed
2025-05-09 11:40:35 INFO  - Starting Before Method
2025-05-09 11:40:39 INFO  - Before Method Executed
2025-05-09 11:40:42 INFO  - Starting After Method
2025-05-09 11:40:43 INFO  - Capturing the screenshot :: takeScreenshot
2025-05-09 11:40:43 INFO  - After Method Executed
2025-05-09 11:40:43 INFO  - After Class Executed
2025-06-11 16:30:28 INFO  - Starting Before suite
2025-06-11 16:30:28 INFO  - Before Method Executed
2025-06-11 16:30:28 INFO  - Starting Before Method
2025-06-11 16:30:36 INFO  - Before Method Executed
2025-06-11 16:30:36 INFO  - Starting After Method
2025-06-11 16:30:36 INFO  - After Method Executed
2025-06-11 16:30:37 INFO  - After Class Executed
2025-06-12 14:18:33 INFO  - Starting Before suite
2025-06-12 14:18:33 INFO  - Before Method Executed
2025-06-12 14:18:33 INFO  - Starting Before Method
2025-06-12 14:18:36 INFO  - Before Method Executed
2025-06-12 14:18:40 INFO  - Starting After Method
2025-06-12 14:18:40 INFO  - Capturing the screenshot :: takeScreenshot
2025-06-12 14:18:40 INFO  - After Method Executed
2025-06-12 14:18:41 INFO  - After Class Executed
2025-06-12 14:22:39 INFO  - Starting Before suite
2025-06-12 14:22:39 INFO  - Before Method Executed
2025-06-12 14:22:39 INFO  - Starting Before Method
2025-06-12 14:22:42 INFO  - Before Method Executed
2025-06-12 14:22:46 INFO  - Starting After Method
2025-06-12 14:22:46 INFO  - After Method Executed
2025-06-12 14:22:46 INFO  - After Class Executed
2025-06-16 15:13:15 INFO  - Starting Before suite
2025-06-16 15:13:15 INFO  - Before Method Executed
2025-06-16 15:13:15 INFO  - Starting Before Method
2025-06-16 15:13:20 INFO  - Before Method Executed
2025-06-16 15:13:23 INFO  - Starting After Method
2025-06-16 15:13:23 INFO  - After Method Executed
2025-06-16 15:13:24 INFO  - After Class Executed
2025-06-16 16:36:26 INFO  - Starting Before suite
2025-06-16 16:36:26 INFO  - Before Method Executed
2025-06-16 16:36:26 INFO  - Starting Before Method
2025-06-16 16:36:31 INFO  - Before Method Executed
2025-06-16 16:36:34 INFO  - Starting After Method
2025-06-16 16:36:34 INFO  - After Method Executed
2025-06-16 16:36:35 INFO  - After Class Executed
2025-11-11 15:37:08 INFO  - Starting Before suite
2025-11-11 15:37:08 INFO  - Before Method Executed
2025-11-11 15:37:08 INFO  - Starting Before Method
2025-11-11 15:37:19 INFO  - Before Method Executed
2025-11-11 15:37:24 INFO  - Starting After Method
2025-11-14 18:11:49 INFO  - Starting Before suite
2025-11-14 18:11:49 INFO  - Before Method Executed
2025-11-14 18:11:49 INFO  - Starting Before Method
2025-11-14 18:12:00 INFO  - Before Method Executed
2025-11-14 18:12:06 INFO  - Starting After Method
2025-11-14 18:12:06 INFO  - Capturing the screenshot :: takeScreenshot
2025-11-14 18:12:06 INFO  - After Method Executed
2025-11-14 18:12:06 INFO  - After Class Executed
2025-11-14 18:15:23 INFO  - Starting Before suite
2025-11-14 18:15:23 INFO  - Before Method Executed
2025-11-14 18:15:23 INFO  - Starting Before Method
2025-11-14 18:15:29 INFO  - Before Method Executed
2025-11-14 18:15:37 INFO  - Starting After Method
2025-11-14 18:15:37 INFO  - Capturing the screenshot :: takeScreenshot
2025-11-14 18:15:37 INFO  - After Method Executed
2025-11-14 18:15:38 INFO  - After Class Executed
2025-11-14 18:18:37 INFO  - Starting Before suite
2025-11-14 18:18:37 INFO  - Before Method Executed
2025-11-14 18:18:37 INFO  - Starting Before Method
2025-11-14 18:18:43 INFO  - Before Method Executed
2025-11-14 18:19:11 INFO  - Starting After Method
2025-11-14 18:19:11 INFO  - Capturing the screenshot :: takeScreenshot
2025-11-14 18:19:11 INFO  - After Method Executed
2025-11-14 18:19:11 INFO  - After Class Executed
2025-11-14 18:21:00 INFO  - Starting Before suite
2025-11-14 18:21:00 INFO  - Before Method Executed
2025-11-14 18:21:00 INFO  - Starting Before Method
2025-11-14 18:21:07 INFO  - Before Method Executed
2025-11-14 18:21:39 INFO  - Starting After Method
2025-11-14 18:21:39 INFO  - Capturing the screenshot :: takeScreenshot
2025-11-14 18:21:39 INFO  - After Method Executed
2025-11-14 18:21:39 INFO  - After Class Executed
2025-11-14 18:27:46 INFO  - Starting Before suite
2025-11-14 18:27:46 INFO  - Before Method Executed
2025-11-14 18:27:46 INFO  - Starting Before Method
2025-11-14 18:27:53 INFO  - Before Method Executed
2025-11-14 18:28:07 INFO  - Starting After Method
2025-11-14 18:28:07 INFO  - After Method Executed
2025-11-14 18:28:08 INFO  - After Class Executed
2025-11-14 18:33:51 INFO  - Starting Before suite
2025-11-14 18:33:51 INFO  - Before Method Executed
2025-11-14 18:33:51 INFO  - Starting Before Method
2025-11-14 18:33:59 INFO  - Before Method Executed
2025-11-14 18:34:06 INFO  - Starting After Method
2025-11-14 18:34:06 INFO  - After Method Executed
2025-11-14 18:34:06 INFO  - After Class Executed
2025-11-14 18:50:47 INFO  - Starting Before suite
2025-11-14 18:50:47 INFO  - Before Method Executed
2025-11-14 18:50:47 INFO  - Starting Before Method
2025-11-14 18:50:54 INFO  - Before Method Executed
2025-11-14 18:51:04 INFO  - Starting After Method
2025-11-14 18:51:04 INFO  - After Method Executed
2025-11-14 18:51:04 INFO  - After Class Executed
2025-11-14 19:01:59 INFO  - Starting Before suite
2025-11-14 19:02:00 INFO  - Before Method Executed
2025-11-14 19:02:00 INFO  - Starting Before Method
2025-11-14 19:02:07 INFO  - Before Method Executed
2025-11-14 19:02:15 INFO  - Starting After Method
2025-11-14 19:02:15 INFO  - After Method Executed
2025-11-14 19:02:16 INFO  - After Class Executed
2025-11-24 12:12:41 INFO  - Starting Before suite
2025-11-24 12:12:41 INFO  - Before Method Executed
2025-11-24 12:12:41 INFO  - Starting Before Method
2025-11-24 12:12:52 INFO  - Before Method Executed
2025-11-24 12:13:02 INFO  - Starting After Method
2025-11-24 12:13:02 INFO  - After Method Executed
2025-11-24 12:13:02 INFO  - After Class Executed
2025-11-24 12:48:03 INFO  - Starting Before suite
2025-11-24 12:48:03 INFO  - Before Method Executed
2025-11-24 12:48:03 INFO  - Starting Before Method
2025-11-24 12:48:10 INFO  - Before Method Executed
2025-11-24 12:48:19 INFO  - Starting After Method
2025-11-24 12:48:19 INFO  - After Method Executed
2025-11-24 12:48:20 INFO  - After Class Executed
2025-11-24 12:49:29 INFO  - Starting Before suite
2025-11-24 12:49:29 INFO  - Before Method Executed
2025-11-24 12:49:29 INFO  - Starting Before Method
2025-11-24 12:49:36 INFO  - Before Method Executed
2025-11-24 12:49:51 INFO  - Starting After Method
2025-11-24 12:49:51 INFO  - After Method Executed
2025-11-24 12:49:51 INFO  - After Class Executed
2025-11-24 13:10:48 INFO  - Starting Before suite
2025-11-24 13:10:48 INFO  - Before Method Executed
2025-11-24 13:10:48 INFO  - Starting Before Method
2025-11-24 13:10:54 INFO  - Before Method Executed
2025-11-24 13:11:03 INFO  - Starting After Method
2025-11-24 13:11:03 INFO  - After Method Executed
2025-11-24 13:11:03 INFO  - After Class Executed
2025-11-24 13:33:28 INFO  - Starting Before suite
2025-11-24 13:33:28 INFO  - Before Method Executed
2025-11-24 13:33:28 INFO  - Starting Before Method
2025-11-24 13:33:36 INFO  - Before Method Executed
2025-11-24 13:33:45 INFO  - Starting After Method
2025-11-24 13:33:45 INFO  - After Method Executed
2025-11-24 13:33:45 INFO  - After Class Executed
2025-11-24 14:53:02 INFO  - Starting Before suite
2025-11-24 14:53:02 INFO  - Before Method Executed
2025-11-24 14:53:02 INFO  - Starting Before Method
2025-11-24 14:53:11 INFO  - Before Method Executed
2025-11-24 14:53:19 INFO  - Starting After Method
2025-11-24 14:53:19 INFO  - After Method Executed
2025-11-24 14:53:20 INFO  - After Class Executed
2025-11-24 14:55:54 INFO  - Starting Before suite
2025-11-24 14:55:54 INFO  - Before Method Executed
2025-11-24 14:55:54 INFO  - Starting Before Method
2025-11-24 14:56:02 INFO  - Before Method Executed
2025-11-24 14:56:22 INFO  - Starting After Method
2025-11-24 14:58:12 INFO  - Starting Before suite
2025-11-24 14:58:12 INFO  - Before Method Executed
2025-11-24 14:58:12 INFO  - Starting Before Method
2025-11-24 14:58:18 INFO  - Before Method Executed
2025-11-24 14:58:27 INFO  - Starting After Method
2025-11-24 14:58:27 INFO  - After Method Executed
2025-11-24 14:58:27 INFO  - After Class Executed
2025-11-25 11:37:06 INFO  - Starting Before suite
2025-11-25 11:37:06 INFO  - Before Method Executed
2025-11-25 11:37:06 INFO  - Starting Before Method
2025-11-25 11:37:16 INFO  - Before Method Executed
2025-11-25 11:37:25 INFO  - Starting After Method
2025-11-25 11:37:25 INFO  - After Method Executed
2025-11-25 11:37:27 INFO  - After Class Executed
2025-11-27 17:33:42 INFO  - Starting Before suite
2025-11-27 17:33:42 INFO  - Before Method Executed
2025-11-27 17:33:42 INFO  - Starting Before Method
2025-11-27 17:33:50 INFO  - Before Method Executed
2025-11-27 17:33:59 INFO  - Starting After Method
2025-11-27 17:33:59 INFO  - After Method Executed
2025-11-27 17:34:00 INFO  - After Class Executed
2025-11-27 17:38:26 INFO  - Starting Before suite
2025-11-27 17:38:26 INFO  - Before Method Executed
2025-11-27 17:38:26 INFO  - Starting Before Method
2025-11-27 17:38:32 INFO  - Before Method Executed
2025-11-27 17:38:42 INFO  - Starting After Method
2025-11-27 17:38:42 INFO  - After Method Executed
2025-11-27 17:38:43 INFO  - After Class Executed
2025-11-28 16:23:50 INFO  - Starting Before suite
2025-11-28 16:23:50 INFO  - Before Method Executed
2025-11-28 16:23:50 INFO  - Starting Before Method
2025-11-28 16:23:55 INFO  - Before Method Executed
2025-11-28 16:24:16 INFO  - Starting After Method
2025-11-28 16:24:16 INFO  - Capturing the screenshot :: takeScreenshot
2025-11-28 16:24:16 INFO  - After Method Executed
2025-11-28 16:24:16 INFO  - After Class Executed
2025-12-25 16:05:50 INFO  - Starting Before suite
2025-12-25 16:05:50 INFO  - Before Method Executed
2025-12-25 16:05:50 INFO  - Starting Before Method
2025-12-25 16:05:58 INFO  - Before Method Executed
2025-12-25 16:06:07 INFO  - Starting After Method
2025-12-25 16:06:07 INFO  - After Method Executed
2025-12-25 16:06:07 INFO  - After Class Executed
2025-12-25 16:06:38 INFO  - Starting Before suite
2025-12-25 16:06:38 INFO  - Before Method Executed
2025-12-25 16:06:38 INFO  - Starting Before Method
2025-12-25 16:06:45 INFO  - Before Method Executed
2025-12-25 16:07:05 INFO  - Starting After Method
2025-12-25 16:07:05 INFO  - Capturing the screenshot :: takeScreenshot
2025-12-25 16:07:05 INFO  - After Method Executed
2025-12-25 16:07:06 INFO  - After Class Executed
2025-12-25 16:07:06 INFO  - Starting Before Method
2025-12-25 16:07:11 INFO  - Before Method Executed
2025-12-25 16:07:20 INFO  - Starting After Method
2025-12-25 16:07:20 INFO  - After Method Executed
2025-12-25 16:07:20 INFO  - After Class Executed
2025-12-25 16:08:28 INFO  - Starting Before suite
2025-12-25 16:08:28 INFO  - Before Method Executed
2025-12-25 16:08:28 INFO  - Starting Before Method
2025-12-25 16:08:35 INFO  - Before Method Executed
2025-12-25 16:08:55 INFO  - Starting After Method
2025-12-25 16:08:55 INFO  - Capturing the screenshot :: takeScreenshot
2025-12-25 16:08:55 INFO  - After Method Executed
2025-12-25 16:08:56 INFO  - After Class Executed
2025-12-25 16:08:56 INFO  - Starting Before Method
2025-12-25 16:09:01 INFO  - Before Method Executed
2025-12-25 16:09:10 INFO  - Starting After Method
2025-12-25 16:09:10 INFO  - After Method Executed
2025-12-25 16:09:10 INFO  - After Class Executed
2025-12-25 16:21:09 INFO  - Starting Before suite
2025-12-25 16:21:09 INFO  - Before Method Executed
2025-12-25 16:21:09 INFO  - Starting Before Method
2025-12-25 16:21:15 INFO  - Before Method Executed
2025-12-25 16:21:23 INFO  - Starting After Method
2025-12-25 16:21:23 INFO  - After Method Executed
2025-12-25 16:21:24 INFO  - After Class Executed
2025-12-25 16:42:38 INFO  - Starting Before suite
2025-12-25 16:42:38 INFO  - Before Method Executed
2025-12-25 16:42:38 INFO  - Starting Before Method
2025-12-25 16:42:45 INFO  - Before Method Executed
2025-12-25 16:42:54 INFO  - Starting After Method
2025-12-25 16:42:54 INFO  - After Method Executed
2025-12-25 16:42:54 INFO  - After Class Executed
2025-12-26 10:45:04 INFO  - Starting Before suite
2025-12-26 10:45:04 INFO  - Before Method Executed
2025-12-26 10:45:04 INFO  - Starting Before Method
2025-12-26 10:45:13 INFO  - Before Method Executed
2025-12-26 10:45:23 INFO  - Starting After Method
2025-12-26 10:45:23 INFO  - After Method Executed
2025-12-26 10:45:23 INFO  - After Class Executed
2025-12-26 11:17:00 INFO  - Starting Before suite
2025-12-26 11:17:00 INFO  - Before Method Executed
2025-12-26 11:17:00 INFO  - Starting Before Method
2025-12-26 11:19:49 INFO  - Starting Before suite
2025-12-26 11:19:49 INFO  - Before Method Executed
2025-12-26 11:19:49 INFO  - Starting Before Method
2025-12-26 11:19:49 INFO  - Running tests on environment: stage
2025-12-26 11:28:29 INFO  - Starting Before suite
2025-12-26 11:28:29 INFO  - Before Method Executed
2025-12-26 11:28:29 INFO  - Starting Before Method
2025-12-26 11:28:29 INFO  - Running tests on environment: stage
2025-12-26 11:28:32 INFO  - Before Method Executed
2025-12-26 11:28:36 INFO  - Starting After Method
2025-12-26 11:28:54 INFO  - Starting Before suite
2025-12-26 11:28:54 INFO  - Before Method Executed
2025-12-26 11:28:54 INFO  - Starting Before Method
2025-12-26 11:28:54 INFO  - Running tests on environment: qa
2025-12-26 11:29:00 INFO  - Before Method Executed
2025-12-26 11:29:10 INFO  - Starting After Method
2025-12-26 11:29:10 INFO  - After Method Executed
2025-12-26 11:29:11 INFO  - After Class Executed
2025-12-26 15:52:44 INFO  - Starting Before suite
2025-12-26 15:52:44 INFO  - Before Method Executed
2025-12-26 15:52:44 INFO  - Starting Before Method
2025-12-26 15:52:44 INFO  - Running tests on environment: qa
2025-12-26 15:52:51 INFO  - Before Method Executed
2025-12-26 15:52:52 INFO  - User Enter the user name.
2025-12-26 15:52:53 INFO  - User Enter the password.
2025-12-26 15:52:54 INFO  - Click on the login button
2025-12-26 15:52:55 INFO  - Click on the user dropdown.
2025-12-26 15:52:57 INFO  - Click on the logout button.
2025-12-26 15:53:00 INFO  - HRM Title is displayed.
2025-12-26 15:53:00 INFO  - Starting After Method
2025-12-26 15:53:00 INFO  - After Method Executed
2025-12-26 15:53:00 INFO  - After Class Executed
2025-12-26 15:58:57 INFO  - Starting Before suite
2025-12-26 15:58:57 INFO  - Before Method Executed
2025-12-26 15:58:57 INFO  - Starting Before Method
2025-12-26 15:58:57 INFO  - Running tests on environment: qa
2025-12-26 15:59:03 INFO  - Before Method Executed
2025-12-26 15:59:04 INFO  - User Enter the user name.
2025-12-26 15:59:05 INFO  - User Enter the password.
2025-12-26 15:59:06 INFO  - Click on the login button
2025-12-26 15:59:07 INFO  - Click on the user dropdown.
2025-12-26 15:59:09 INFO  - Click on the logout button.
2025-12-26 15:59:12 INFO  - HRM Title is displayed.
2025-12-26 15:59:12 INFO  - Starting After Method
2025-12-26 15:59:12 INFO  - After Method Executed
2025-12-26 15:59:12 INFO  - After Class Executed
2025-12-26 16:01:20 INFO  - Starting Before suite
2025-12-26 16:01:20 INFO  - Before Method Executed
2025-12-26 16:01:20 INFO  - Starting Before Method
2025-12-26 16:01:20 INFO  - Running tests on environment: qa
2025-12-26 16:01:26 INFO  - Before Method Executed
2025-12-26 16:01:27 INFO  - User Enter the user name.
2025-12-26 16:01:28 INFO  - User Enter the password.
2025-12-26 16:01:29 INFO  - Click on the login button
2025-12-26 16:01:30 INFO  - Click on the user dropdown.
2025-12-26 16:01:32 INFO  - Click on the logout button.
2025-12-26 16:01:35 INFO  - HRM Title is displayed.
2025-12-26 16:01:35 INFO  - Starting After Method
2025-12-26 16:01:35 INFO  - After Method Executed
2025-12-26 16:01:36 INFO  - After Class Executed
2025-12-26 16:07:46 INFO  - Starting Before suite
2025-12-26 16:07:46 INFO  - Before Method Executed
2025-12-26 16:07:46 INFO  - Starting Before Method
2025-12-26 16:07:46 INFO  - Running tests on environment: qa
2025-12-26 16:07:53 INFO  - Before Method Executed
2025-12-26 16:07:54 INFO  - User Enter the user name.
2025-12-26 16:07:55 INFO  - User Enter the password.
2025-12-26 16:07:56 INFO  - Click on the login button
2025-12-26 16:07:57 INFO  - Click on the user dropdown.
2025-12-26 16:07:59 INFO  - Click on the logout button.
2025-12-26 16:08:02 INFO  - HRM Title is displayed.
2025-12-26 16:08:02 INFO  - Starting After Method
2025-12-26 16:08:02 INFO  - After Method Executed
2025-12-26 16:08:02 INFO  - After Class Executed
